<?xml version="1.0" encoding="UTF-8"?>
<!-- Generated by org.testng.reporters.JUnitReportReporter -->
<testsuite hostname="BLR1-LHP-N03287" name="verifyOtherfeatures.testOtherFeatures" tests="18" failures="0" timestamp="18 Nov 2018 10:30:51 GMT" time="19.263" errors="0">
  <testcase name="testMultilingualSupportLanZhCn" time="0.938" classname="verifyOtherfeatures.testOtherFeatures"/>
  <testcase name="testFormatXmlRespBody" time="1.056" classname="verifyOtherfeatures.testOtherFeatures"/>
  <testcase name="testFormatHtml" time="0.983" classname="verifyOtherfeatures.testOtherFeatures"/>
  <testcase name="testFormatXml" time="0.993" classname="verifyOtherfeatures.testOtherFeatures"/>
  <testcase name="testUnitsImperialFormat" time="0.920" classname="verifyOtherfeatures.testOtherFeatures"/>
  <testcase name="testUnitsMetricFormat" time="0.928" classname="verifyOtherfeatures.testOtherFeatures"/>
  <testcase name="testCallBackFunctionForJavaScriptcodeResBody" time="1.003" classname="verifyOtherfeatures.testOtherFeatures"/>
  <testcase name="testFormatJson" time="1.009" classname="verifyOtherfeatures.testOtherFeatures"/>
  <testcase name="testUnitsMetricFormaResBody" time="0.927" classname="verifyOtherfeatures.testOtherFeatures"/>
  <testcase name="testFormatJsonRespBody" time="0.999" classname="verifyOtherfeatures.testOtherFeatures"/>
  <testcase name="testMultilingualSupportLanZhCnResBody" time="1.029" classname="verifyOtherfeatures.testOtherFeatures"/>
  <testcase name="testSearchAccuracyResBody" time="0.918" classname="verifyOtherfeatures.testOtherFeatures"/>
  <testcase name="testSearchAccuracyTypeLikeResBody" time="0.880" classname="verifyOtherfeatures.testOtherFeatures"/>
  <testcase name="testSearchAccuracyTypeLike" time="0.969" classname="verifyOtherfeatures.testOtherFeatures"/>
  <testcase name="testCallBackFunctionForJavaScriptcode" time="2.915" classname="verifyOtherfeatures.testOtherFeatures"/>
  <testcase name="testUnitsImperialFormaResBody" time="0.930" classname="verifyOtherfeatures.testOtherFeatures"/>
  <testcase name="testSearchAccuracy" time="0.908" classname="verifyOtherfeatures.testOtherFeatures"/>
  <testcase name="testFormathtmlRespBody" time="0.958" classname="verifyOtherfeatures.testOtherFeatures"/>
</testsuite> <!-- verifyOtherfeatures.testOtherFeatures -->
