<?xml version="1.0" encoding="UTF-8"?>
<!-- Generated by org.testng.reporters.JUnitReportReporter -->
<testsuite hostname="BLR1-LHP-N03287" name="sanityTest.SanityTestCases" tests="42" failures="0" timestamp="18 Nov 2018 11:54:22 GMT" time="30.809" errors="1">
  <testcase name="checkWeaterMainDescription" time="0.596" classname="sanityTest.SanityTestCases"/>
  <testcase name="checkWindDeg" time="0.588" classname="sanityTest.SanityTestCases"/>
  <testcase name="checkDublinWeaterMainDescription" time="0.665" classname="sanityTest.SanityTestCases"/>
  <testcase name="testCitynameMadridAndCode" time="0.612" classname="sanityTest.SanityTestCases"/>
  <testcase name="verifyContentType" time="0.785" classname="sanityTest.SanityTestCases"/>
  <testcase name="checkSunrise" time="0.568" classname="sanityTest.SanityTestCases"/>
  <testcase name="testCallforSeveralCityIDsrespCode" time="0.948" classname="sanityTest.SanityTestCases"/>
  <testcase name="checkBarcelonaPressure" time="0.658" classname="sanityTest.SanityTestCases"/>
  <testcase name="checkLondonVisibility" time="0.681" classname="sanityTest.SanityTestCases"/>
  <testcase name="checkMadridWeaterMain" time="0.832" classname="sanityTest.SanityTestCases"/>
  <testcase name="checkCityId" time="0.640" classname="sanityTest.SanityTestCases"/>
  <testcase name="checkMainTemp" time="0.654" classname="sanityTest.SanityTestCases"/>
  <testcase name="extractCityNameFromResponseBody" time="0.553" classname="sanityTest.SanityTestCases"/>
  <testcase name="testcityLocation" time="0.997" classname="sanityTest.SanityTestCases"/>
  <testcase name="checkGangtokWindDeg" time="0.762" classname="sanityTest.SanityTestCases">
    <error type="java.lang.ClassCastException" message="java.lang.Float cannot be cast to java.lang.Integer">
      <![CDATA[java.lang.ClassCastException: java.lang.Float cannot be cast to java.lang.Integer
	at sanityTest.SanityTestCases.checkGangtokWindDeg(SanityTestCases.java:369)
	at sun.reflect.NativeMethodAccessorImpl.invoke0(Native Method)
	at sun.reflect.NativeMethodAccessorImpl.invoke(Unknown Source)
	at sun.reflect.DelegatingMethodAccessorImpl.invoke(Unknown Source)
	at java.lang.reflect.Method.invoke(Unknown Source)
	at org.testng.internal.MethodInvocationHelper.invokeMethod(MethodInvocationHelper.java:86)
	at org.testng.internal.Invoker.invokeMethod(Invoker.java:645)
	at org.testng.internal.Invoker.invokeTestMethod(Invoker.java:822)
	at org.testng.internal.Invoker.invokeTestMethods(Invoker.java:1130)
	at org.testng.internal.TestMethodWorker.invokeTestMethods(TestMethodWorker.java:129)
	at org.testng.internal.TestMethodWorker.run(TestMethodWorker.java:112)
	at org.testng.TestRunner.privateRun(TestRunner.java:782)
	at org.testng.TestRunner.run(TestRunner.java:632)
	at org.testng.SuiteRunner.runTest(SuiteRunner.java:366)
	at org.testng.SuiteRunner.runSequentially(SuiteRunner.java:361)
	at org.testng.SuiteRunner.privateRun(SuiteRunner.java:319)
	at org.testng.SuiteRunner.run(SuiteRunner.java:268)
	at org.testng.SuiteRunnerWorker.runSuite(SuiteRunnerWorker.java:52)
	at org.testng.SuiteRunnerWorker.run(SuiteRunnerWorker.java:86)
	at org.testng.TestNG.runSuitesSequentially(TestNG.java:1244)
	at org.testng.TestNG.runSuitesLocally(TestNG.java:1169)
	at org.testng.TestNG.run(TestNG.java:1064)
	at org.testng.remote.RemoteTestNG.run(RemoteTestNG.java:113)
	at org.testng.remote.RemoteTestNG.initAndRun(RemoteTestNG.java:206)
	at org.testng.remote.RemoteTestNG.main(RemoteTestNG.java:177)
]]>
    </error>
  </testcase> <!-- checkGangtokWindDeg -->
  <testcase name="checkTokiyoCityId" time="0.574" classname="sanityTest.SanityTestCases"/>
  <testcase name="checkZaragozaSunset" time="0.605" classname="sanityTest.SanityTestCases"/>
  <testcase name="testCitynameLondonAndCode" time="0.574" classname="sanityTest.SanityTestCases"/>
  <testcase name="checkClouds" time="0.639" classname="sanityTest.SanityTestCases"/>
  <testcase name="checkValenciaClouds" time="0.708" classname="sanityTest.SanityTestCases"/>
  <testcase name="checkVisibility" time="0.557" classname="sanityTest.SanityTestCases"/>
  <testcase name="checkSunset" time="0.596" classname="sanityTest.SanityTestCases"/>
  <testcase name="checkWindSpeed" time="0.599" classname="sanityTest.SanityTestCases"/>
  <testcase name="checkAucklandMinTemp" time="2.745" classname="sanityTest.SanityTestCases"/>
  <testcase name="checkWeaterMain" time="0.595" classname="sanityTest.SanityTestCases"/>
  <testcase name="checkCaliforniaMaxTemp" time="0.843" classname="sanityTest.SanityTestCases"/>
  <testcase name="testResponsecode" time="0.950" classname="sanityTest.SanityTestCases"/>
  <testcase name="checkDublinMainTemp" time="0.760" classname="sanityTest.SanityTestCases"/>
  <testcase name="testCitynameBerlinAndCode" time="0.692" classname="sanityTest.SanityTestCases"/>
  <testcase name="testCitynameSydneyAndCode" time="0.629" classname="sanityTest.SanityTestCases"/>
  <testcase name="checkManchesterWindSpeed" time="0.626" classname="sanityTest.SanityTestCases"/>
  <testcase name="testCitynameAndId" time="0.588" classname="sanityTest.SanityTestCases"/>
  <testcase name="checkMaxTemp" time="0.633" classname="sanityTest.SanityTestCases"/>
  <testcase name="testParameters" time="0.601" classname="sanityTest.SanityTestCases"/>
  <testcase name="checkMinTemp" time="0.544" classname="sanityTest.SanityTestCases"/>
  <testcase name="checkPressure" time="0.597" classname="sanityTest.SanityTestCases"/>
  <testcase name="checkZaragozaSunrise" time="0.606" classname="sanityTest.SanityTestCases"/>
  <testcase name="checkBerlinHumidity" time="0.606" classname="sanityTest.SanityTestCases"/>
  <testcase name="checkHumidity" time="0.731" classname="sanityTest.SanityTestCases"/>
  <testcase name="checkLalitpurMaxTemp" time="0.710" classname="sanityTest.SanityTestCases"/>
  <testcase name="testCitynameAndCode" time="0.836" classname="sanityTest.SanityTestCases"/>
  <testcase name="testCallforSeveralCityIDs" time="1.126" classname="sanityTest.SanityTestCases"/>
</testsuite> <!-- sanityTest.SanityTestCases -->
