<?xml version="1.0" encoding="UTF-8"?>
<!-- Generated by org.testng.reporters.JUnitReportReporter -->
<testsuite hostname="BLR1-LHP-N03287" name="testBygeographicCoordinates.byGeographicCoordinates" tests="23" failures="0" timestamp="18 Nov 2018 06:16:01 GMT" time="25.683" errors="0">
  <testcase name="testCitynameBerlinAndCode" time="0.609" classname="testBygeographicCoordinates.byGeographicCoordinates"/>
  <testcase name="verifyContentType" time="1.012" classname="testBygeographicCoordinates.byGeographicCoordinates"/>
  <testcase name="testResponsecode" time="1.057" classname="testBygeographicCoordinates.byGeographicCoordinates"/>
  <testcase name="checkMainTemp" time="1.018" classname="testBygeographicCoordinates.byGeographicCoordinates"/>
  <testcase name="checkWindSpeed" time="1.088" classname="testBygeographicCoordinates.byGeographicCoordinates"/>
  <testcase name="extractCityNameFromResponseBody" time="0.938" classname="testBygeographicCoordinates.byGeographicCoordinates"/>
  <testcase name="checkWeaterMainDescription" time="0.982" classname="testBygeographicCoordinates.byGeographicCoordinates"/>
  <testcase name="testCitynameAndCode" time="1.072" classname="testBygeographicCoordinates.byGeographicCoordinates"/>
  <testcase name="testCitynameMadridAndCode" time="0.993" classname="testBygeographicCoordinates.byGeographicCoordinates"/>
  <testcase name="checkSunset" time="0.993" classname="testBygeographicCoordinates.byGeographicCoordinates"/>
  <testcase name="checkCityId" time="3.667" classname="testBygeographicCoordinates.byGeographicCoordinates"/>
  <testcase name="checkClouds" time="1.007" classname="testBygeographicCoordinates.byGeographicCoordinates"/>
  <testcase name="checkPressure" time="0.989" classname="testBygeographicCoordinates.byGeographicCoordinates"/>
  <testcase name="checkSunrise" time="0.981" classname="testBygeographicCoordinates.byGeographicCoordinates"/>
  <testcase name="checkWindDeg" time="0.941" classname="testBygeographicCoordinates.byGeographicCoordinates"/>
  <testcase name="checkWeaterMain" time="1.120" classname="testBygeographicCoordinates.byGeographicCoordinates"/>
  <testcase name="testParameters" time="1.029" classname="testBygeographicCoordinates.byGeographicCoordinates"/>
  <testcase name="testGeograhicalAndCode" time="0.981" classname="testBygeographicCoordinates.byGeographicCoordinates"/>
  <testcase name="testGeograhicalCityNames" time="1.105" classname="testBygeographicCoordinates.byGeographicCoordinates"/>
  <testcase name="checkHumidity" time="1.058" classname="testBygeographicCoordinates.byGeographicCoordinates"/>
  <testcase name="checkMaxTemp" time="0.987" classname="testBygeographicCoordinates.byGeographicCoordinates"/>
  <testcase name="checkMinTemp" time="1.009" classname="testBygeographicCoordinates.byGeographicCoordinates"/>
  <testcase name="testCitynameAndId" time="1.047" classname="testBygeographicCoordinates.byGeographicCoordinates"/>
</testsuite> <!-- testBygeographicCoordinates.byGeographicCoordinates -->
