<?xml version="1.0" encoding="UTF-8"?>
<!-- Generated by org.testng.reporters.JUnitReportReporter -->
<testsuite hostname="BLR1-LHP-N03287" name="getRequest.GetData" tests="2" failures="0" timestamp="16 Nov 2018 07:14:12 GMT" time="3.756" errors="0">
  <testcase name="testbody" time="1.008" classname="getRequest.GetData"/>
  <testcase name="testResponsecode" time="2.748" classname="getRequest.GetData"/>
</testsuite> <!-- getRequest.GetData -->
