<?xml version="1.0" encoding="UTF-8"?>
<!-- Generated by org.testng.reporters.JUnitReportReporter -->
<testsuite hostname="BLR1-LHP-N03287" name="testByZIPcode.byZipCode" tests="20" failures="0" timestamp="18 Nov 2018 07:47:48 GMT" time="21.726" errors="0">
  <testcase name="testGeograhicalCityNames" time="0.982" classname="testByZIPcode.byZipCode"/>
  <testcase name="checkZipCodePressure" time="0.976" classname="testByZIPcode.byZipCode"/>
  <testcase name="checkZipCodeWindSpeed" time="0.968" classname="testByZIPcode.byZipCode"/>
  <testcase name="checkZipCodeMaxTemp" time="0.971" classname="testByZIPcode.byZipCode"/>
  <testcase name="verifyZipCodeContentType" time="1.045" classname="testByZIPcode.byZipCode"/>
  <testcase name="extractCityNameFromResponseBody" time="0.978" classname="testByZIPcode.byZipCode"/>
  <testcase name="checkZipCodeWeaterMainDescription" time="0.942" classname="testByZIPcode.byZipCode"/>
  <testcase name="testZipCodeAndCode" time="0.982" classname="testByZIPcode.byZipCode"/>
  <testcase name="testCitynameAndCode" time="1.003" classname="testByZIPcode.byZipCode"/>
  <testcase name="checkZipCodeSunset" time="0.976" classname="testByZIPcode.byZipCode"/>
  <testcase name="checkCountryCodeForZipCode" time="3.199" classname="testByZIPcode.byZipCode"/>
  <testcase name="checkZipCodeSunrise" time="0.975" classname="testByZIPcode.byZipCode"/>
  <testcase name="checkZipCodeMinTemp" time="1.023" classname="testByZIPcode.byZipCode"/>
  <testcase name="checkZipCodeCityId" time="0.973" classname="testByZIPcode.byZipCode"/>
  <testcase name="checkZipCodeWindDeg" time="1.002" classname="testByZIPcode.byZipCode"/>
  <testcase name="checkZipCodeWeaterMain" time="0.918" classname="testByZIPcode.byZipCode"/>
  <testcase name="testZipCodeResponsecode" time="0.965" classname="testByZIPcode.byZipCode"/>
  <testcase name="checkZipCodeClouds" time="0.957" classname="testByZIPcode.byZipCode"/>
  <testcase name="checkZipCodeHumidity" time="0.995" classname="testByZIPcode.byZipCode"/>
  <testcase name="testZipCodeParameters" time="0.896" classname="testByZIPcode.byZipCode"/>
</testsuite> <!-- testByZIPcode.byZipCode -->
